app/build/outputs/logs/manifest-merger-debug-report.txt
-- Merging decision tree log ---
manifest
ADDED from src\main\AndroidManifest.xml:2:1-356:12
	package
		ADDED from src\main\AndroidManifest.xml:4:5-39
		INJECTED from src\main\AndroidManifest.xml
		INJECTED from src\main\AndroidManifest.xml
	android:versionName
		ADDED from src\main\AndroidManifest.xml:6:5-32
		INJECTED from src\main\AndroidManifest.xml
		INJECTED from src\main\AndroidManifest.xml
	xmlns:tools
		ADDED from src\main\AndroidManifest.xml:3:5-51
	android:versionCode
		ADDED from src\main\AndroidManifest.xml:5:5-28
		INJECTED from src\main\AndroidManifest.xml
		INJECTED from src\main\AndroidManifest.xml
	xmlns:android
		ADDED from src\main\AndroidManifest.xml:2:11-69
uses-sdk
ADDED from src\main\AndroidManifest.xml:8:5-10:41
MERGED from [cn.pedant.sweetalert:library:1.3] AndroidManifest.xml:7:5-9:41
MERGED from [com.pnikosis:materialish-progress:1.0] AndroidManifest.xml:7:5-9:41
MERGED from [com.android.support:appcompat-v7:23.3.0] AndroidManifest.xml:21:5-23:78
MERGED from [com.android.support:support-vector-drawable:23.3.0] AndroidManifest.xml:5:5-43
MERGED from [com.android.support:support-v4:23.3.0] AndroidManifest.xml:20:5-43
MERGED from [com.android.support:animated-vector-drawable:23.3.0] AndroidManifest.xml:5:5-44
	tools:overrideLibrary
		ADDED from [com.android.support:appcompat-v7:23.3.0] AndroidManifest.xml:23:9-75
	android:targetSdkVersion
		ADDED from src\main\AndroidManifest.xml:10:9-38
		INJECTED from src\main\AndroidManifest.xml
		INJECTED from src\main\AndroidManifest.xml
	android:minSdkVersion
		ADDED from src\main\AndroidManifest.xml:9:9-35
		INJECTED from src\main\AndroidManifest.xml
		INJECTED from src\main\AndroidManifest.xml
uses-permission#android.permission.INTERNET
ADDED from src\main\AndroidManifest.xml:12:5-67
	android:name
		ADDED from src\main\AndroidManifest.xml:12:22-64
uses-permission#android.permission.VIBRATE
ADDED from src\main\AndroidManifest.xml:13:5-66
	android:name
		ADDED from src\main\AndroidManifest.xml:13:22-63
uses-permission#android.permission.WAKE_LOCK
ADDED from src\main\AndroidManifest.xml:15:5-68
	android:name
		ADDED from src\main\AndroidManifest.xml:15:22-65
uses-permission#android.permission.ACCESS_NETWORK_STATE
ADDED from src\main\AndroidManifest.xml:16:5-79
	android:name
		ADDED from src\main\AndroidManifest.xml:16:22-76
android:uses-permission#android.permission.WRITE_EXTERNAL_STORAGE
ADDED from src\main\AndroidManifest.xml:18:5-89
	android:name
		ADDED from src\main\AndroidManifest.xml:18:30-86
android:uses-permission#android.permission.READ_PHONE_STATE
ADDED from src\main\AndroidManifest.xml:19:5-83
	android:name
		ADDED from src\main\AndroidManifest.xml:19:30-80
android:uses-permission#android.permission.READ_EXTERNAL_STORAGE
ADDED from src\main\AndroidManifest.xml:20:5-88
	android:name
		ADDED from src\main\AndroidManifest.xml:20:30-85
application
ADDED from src\main\AndroidManifest.xml:22:5-354:19
MERGED from [cn.pedant.sweetalert:library:1.3] AndroidManifest.xml:11:5-20
MERGED from [com.pnikosis:materialish-progress:1.0] AndroidManifest.xml:11:5-15:19
MERGED from [com.android.support:appcompat-v7:23.3.0] AndroidManifest.xml:25:5-20
MERGED from [com.android.support:support-vector-drawable:23.3.0] AndroidManifest.xml:7:5-20
MERGED from [com.android.support:support-v4:23.3.0] AndroidManifest.xml:22:5-20
MERGED from [com.android.support:animated-vector-drawable:23.3.0] AndroidManifest.xml:7:5-20
	android:label
		ADDED from src\main\AndroidManifest.xml:25:9-41
	android:allowBackup
		ADDED from src\main\AndroidManifest.xml:23:9-35
	android:icon
		ADDED from src\main\AndroidManifest.xml:24:9-44
		REJECTED from [com.pnikosis:materialish-progress:1.0] AndroidManifest.xml:13:9-45
	android:theme
		ADDED from src\main\AndroidManifest.xml:26:9-40
	tools:replace
		ADDED from src\main\AndroidManifest.xml:27:9-51
activity#sharpenup.customgridview.homewall
ADDED from src\main\AndroidManifest.xml:28:9-38:20
	android:screenOrientation
		ADDED from src\main\AndroidManifest.xml:32:13-49
	android:label
		ADDED from src\main\AndroidManifest.xml:31:13-45
	android:configChanges
		ADDED from src\main\AndroidManifest.xml:30:13-59
	android:name
		ADDED from src\main\AndroidManifest.xml:29:13-37
intent-filter#android.intent.action.MAIN+android.intent.category.LAUNCHER
ADDED from src\main\AndroidManifest.xml:33:13-37:29
action#android.intent.action.MAIN
ADDED from src\main\AndroidManifest.xml:34:17-69
	android:name
		ADDED from src\main\AndroidManifest.xml:34:25-66
category#android.intent.category.LAUNCHER
ADDED from src\main\AndroidManifest.xml:36:17-77
	android:name
		ADDED from src\main\AndroidManifest.xml:36:27-74
activity#sharpenup.customgridview.time_table
ADDED from src\main\AndroidManifest.xml:39:9-43:52
	android:screenOrientation
		ADDED from src\main\AndroidManifest.xml:43:13-49
	android:label
		ADDED from src\main\AndroidManifest.xml:42:13-45
	android:configChanges
		ADDED from src\main\AndroidManifest.xml:41:13-59
	android:name
		ADDED from src\main\AndroidManifest.xml:40:13-39
activity#sharpenup.customgridview.home
ADDED from src\main\AndroidManifest.xml:44:9-48:52
	android:screenOrientation
		ADDED from src\main\AndroidManifest.xml:48:13-49
	android:label
		ADDED from src\main\AndroidManifest.xml:47:13-45
	android:configChanges
		ADDED from src\main\AndroidManifest.xml:46:13-59
	android:name
		ADDED from src\main\AndroidManifest.xml:45:13-33
activity#sharpenup.customgridview.Settings
ADDED from src\main\AndroidManifest.xml:49:9-53:52
	android:screenOrientation
		ADDED from src\main\AndroidManifest.xml:53:13-49
	android:label
		ADDED from src\main\AndroidManifest.xml:52:13-45
	android:configChanges
		ADDED from src\main\AndroidManifest.xml:51:13-59
	android:name
		ADDED from src\main\AndroidManifest.xml:50:13-37
activity#sharpenup.customgridview.view_assign
ADDED from src\main\AndroidManifest.xml:54:9-58:52
	android:screenOrientation
		ADDED from src\main\AndroidManifest.xml:58:13-49
	android:label
		ADDED from src\main\AndroidManifest.xml:57:13-45
	android:configChanges
		ADDED from src\main\AndroidManifest.xml:56:13-59
	android:name
		ADDED from src\main\AndroidManifest.xml:55:13-40
activity#sharpenup.customgridview.viewtt_student
ADDED from src\main\AndroidManifest.xml:59:9-63:52
	android:screenOrientation
		ADDED from src\main\AndroidManifest.xml:63:13-49
	android:label
		ADDED from src\main\AndroidManifest.xml:62:13-45
	android:configChanges
		ADDED from src\main\AndroidManifest.xml:61:13-59
	android:name
		ADDED from src\main\AndroidManifest.xml:60:13-43
activity#sharpenup.customgridview.viewscores_student
ADDED from src\main\AndroidManifest.xml:64:9-68:52
	android:screenOrientation
		ADDED from src\main\AndroidManifest.xml:68:13-49
	android:label
		ADDED from src\main\AndroidManifest.xml:67:13-45
	android:configChanges
		ADDED from src\main\AndroidManifest.xml:66:13-59
	android:name
		ADDED from src\main\AndroidManifest.xml:65:13-47
activity#sharpenup.customgridview.testview_student
ADDED from src\main\AndroidManifest.xml:69:9-73:52
	android:screenOrientation
		ADDED from src\main\AndroidManifest.xml:73:13-49
	android:label
		ADDED from src\main\AndroidManifest.xml:72:13-45
	android:configChanges
		ADDED from src\main\AndroidManifest.xml:71:13-59
	android:name
		ADDED from src\main\AndroidManifest.xml:70:13-45
activity#sharpenup.customgridview.webview_student
ADDED from src\main\AndroidManifest.xml:74:9-78:52
	android:screenOrientation
		ADDED from src\main\AndroidManifest.xml:78:13-49
	android:label
		ADDED from src\main\AndroidManifest.xml:77:13-45
	android:configChanges
		ADDED from src\main\AndroidManifest.xml:76:13-59
	android:name
		ADDED from src\main\AndroidManifest.xml:75:13-44
activity#sharpenup.customgridview.srudatten_student
ADDED from src\main\AndroidManifest.xml:79:9-83:52
	android:screenOrientation
		ADDED from src\main\AndroidManifest.xml:83:13-49
	android:label
		ADDED from src\main\AndroidManifest.xml:82:13-45
	android:configChanges
		ADDED from src\main\AndroidManifest.xml:81:13-59
	android:name
		ADDED from src\main\AndroidManifest.xml:80:13-46
activity#sharpenup.customgridview.testmenu_student
ADDED from src\main\AndroidManifest.xml:84:9-88:52
	android:screenOrientation
		ADDED from src\main\AndroidManifest.xml:88:13-49
	android:label
		ADDED from src\main\AndroidManifest.xml:87:13-45
	android:configChanges
		ADDED from src\main\AndroidManifest.xml:86:13-59
	android:name
		ADDED from src\main\AndroidManifest.xml:85:13-45
activity#sharpenup.customgridview.MainActivityNew
ADDED from src\main\AndroidManifest.xml:89:9-93:52
	android:screenOrientation
		ADDED from src\main\AndroidManifest.xml:93:13-49
	android:label
		ADDED from src\main\AndroidManifest.xml:92:13-45
	android:configChanges
		ADDED from src\main\AndroidManifest.xml:91:13-59
	android:name
		ADDED from src\main\AndroidManifest.xml:90:13-44
activity#sharpenup.customgridview.MainActivityTeacher
ADDED from src\main\AndroidManifest.xml:94:9-98:52
	android:screenOrientation
		ADDED from src\main\AndroidManifest.xml:98:13-49
	android:label
		ADDED from src\main\AndroidManifest.xml:97:13-45
	android:configChanges
		ADDED from src\main\AndroidManifest.xml:96:13-59
	android:name
		ADDED from src\main\AndroidManifest.xml:95:13-48
activity#sharpenup.customgridview.LoginActivity2
ADDED from src\main\AndroidManifest.xml:99:9-103:52
	android:screenOrientation
		ADDED from src\main\AndroidManifest.xml:103:13-49
	android:label
		ADDED from src\main\AndroidManifest.xml:102:13-45
	android:configChanges
		ADDED from src\main\AndroidManifest.xml:101:13-59
	android:name
		ADDED from src\main\AndroidManifest.xml:100:13-43
activity#sharpenup.customgridview.MainActivity
ADDED from src\main\AndroidManifest.xml:104:9-108:52
	android:screenOrientation
		ADDED from src\main\AndroidManifest.xml:108:13-49
	android:label
		ADDED from src\main\AndroidManifest.xml:107:13-45
	android:configChanges
		ADDED from src\main\AndroidManifest.xml:106:13-59
	android:name
		ADDED from src\main\AndroidManifest.xml:105:13-41
activity#sharpenup.customgridview.LoginActivity
ADDED from src\main\AndroidManifest.xml:109:9-113:52
	android:screenOrientation
		ADDED from src\main\AndroidManifest.xml:113:13-49
	android:label
		ADDED from src\main\AndroidManifest.xml:112:13-45
	android:configChanges
		ADDED from src\main\AndroidManifest.xml:111:13-59
	android:name
		ADDED from src\main\AndroidManifest.xml:110:13-42
activity#sharpenup.androidbegin.viewpagertutorial.view_atten
ADDED from src\main\AndroidManifest.xml:114:9-118:52
	android:screenOrientation
		ADDED from src\main\AndroidManifest.xml:118:13-49
	android:label
		ADDED from src\main\AndroidManifest.xml:117:13-45
	android:configChanges
		ADDED from src\main\AndroidManifest.xml:116:13-59
	android:name
		ADDED from src\main\AndroidManifest.xml:115:13-79
activity#sharpenup.customgridview.ScheduleClass
ADDED from src\main\AndroidManifest.xml:119:9-123:52
	android:screenOrientation
		ADDED from src\main\AndroidManifest.xml:123:13-49
	android:label
		ADDED from src\main\AndroidManifest.xml:122:13-45
	android:configChanges
		ADDED from src\main\AndroidManifest.xml:121:13-59
	android:name
		ADDED from src\main\AndroidManifest.xml:120:13-42
activity#sharpenup.customgridview.Entry
ADDED from src\main\AndroidManifest.xml:124:9-128:52
	android:screenOrientation
		ADDED from src\main\AndroidManifest.xml:128:13-49
	android:label
		ADDED from src\main\AndroidManifest.xml:127:13-45
	android:configChanges
		ADDED from src\main\AndroidManifest.xml:126:13-59
	android:name
		ADDED from src\main\AndroidManifest.xml:125:13-34
activity#sharpenup.androidbegin.viewpagertutorial.Main
ADDED from src\main\AndroidManifest.xml:129:9-133:52
	android:screenOrientation
		ADDED from src\main\AndroidManifest.xml:133:13-49
	android:label
		ADDED from src\main\AndroidManifest.xml:132:13-45
	android:configChanges
		ADDED from src\main\AndroidManifest.xml:131:13-59
	android:name
		ADDED from src\main\AndroidManifest.xml:130:13-73
activity#sharpenup.androidbegin.viewpagertutorial.marksfill
ADDED from src\main\AndroidManifest.xml:134:9-138:52
	android:screenOrientation
		ADDED from src\main\AndroidManifest.xml:138:13-49
	android:label
		ADDED from src\main\AndroidManifest.xml:137:13-45
	android:configChanges
		ADDED from src\main\AndroidManifest.xml:136:13-59
	android:name
		ADDED from src\main\AndroidManifest.xml:135:13-78
activity#sharpenup.androidbegin.viewpagertutorial.ViewPagerAdapter3
ADDED from src\main\AndroidManifest.xml:139:9-143:52
	android:screenOrientation
		ADDED from src\main\AndroidManifest.xml:143:13-49
	android:label
		ADDED from src\main\AndroidManifest.xml:142:13-45
	android:configChanges
		ADDED from src\main\AndroidManifest.xml:141:13-59
	android:name
		ADDED from src\main\AndroidManifest.xml:140:13-86
activity#sharpenup.androidbegin.viewpagertutorial.ViewPagerAdapter4
ADDED from src\main\AndroidManifest.xml:144:9-148:52
	android:screenOrientation
		ADDED from src\main\AndroidManifest.xml:148:13-49
	android:label
		ADDED from src\main\AndroidManifest.xml:147:13-45
	android:configChanges
		ADDED from src\main\AndroidManifest.xml:146:13-59
	android:name
		ADDED from src\main\AndroidManifest.xml:145:13-86
activity#sharpenup.androidbegin.viewpagertutorial.view_scores
ADDED from src\main\AndroidManifest.xml:149:9-153:52
	android:screenOrientation
		ADDED from src\main\AndroidManifest.xml:153:13-49
	android:label
		ADDED from src\main\AndroidManifest.xml:152:13-45
	android:configChanges
		ADDED from src\main\AndroidManifest.xml:151:13-59
	android:name
		ADDED from src\main\AndroidManifest.xml:150:13-80
activity#sharpenup.customgridview.AttendanceActivity
ADDED from src\main\AndroidManifest.xml:154:9-158:52
	android:screenOrientation
		ADDED from src\main\AndroidManifest.xml:158:13-49
	android:label
		ADDED from src\main\AndroidManifest.xml:157:13-45
	android:configChanges
		ADDED from src\main\AndroidManifest.xml:156:13-59
	android:name
		ADDED from src\main\AndroidManifest.xml:155:13-47
activity#sharpenup.customgridview.view
ADDED from src\main\AndroidManifest.xml:159:9-163:52
	android:screenOrientation
		ADDED from src\main\AndroidManifest.xml:163:13-49
	android:label
		ADDED from src\main\AndroidManifest.xml:162:13-45
	android:configChanges
		ADDED from src\main\AndroidManifest.xml:161:13-59
	android:name
		ADDED from src\main\AndroidManifest.xml:160:13-33
activity#sharpenup.customgridview.StudAtten
ADDED from src\main\AndroidManifest.xml:164:9-168:52
	android:screenOrientation
		ADDED from src\main\AndroidManifest.xml:168:13-49
	android:label
		ADDED from src\main\AndroidManifest.xml:167:13-45
	android:configChanges
		ADDED from src\main\AndroidManifest.xml:166:13-59
	android:name
		ADDED from src\main\AndroidManifest.xml:165:13-38
activity#sharpenup.customgridview.attenbuttons
ADDED from src\main\AndroidManifest.xml:169:9-173:52
	android:screenOrientation
		ADDED from src\main\AndroidManifest.xml:173:13-49
	android:label
		ADDED from src\main\AndroidManifest.xml:172:13-45
	android:configChanges
		ADDED from src\main\AndroidManifest.xml:171:13-59
	android:name
		ADDED from src\main\AndroidManifest.xml:170:13-41
activity#sharpenup.customgridview.ChooseClassOrTest
ADDED from src\main\AndroidManifest.xml:174:9-178:52
	android:screenOrientation
		ADDED from src\main\AndroidManifest.xml:178:13-49
	android:label
		ADDED from src\main\AndroidManifest.xml:177:13-45
	android:configChanges
		ADDED from src\main\AndroidManifest.xml:176:13-59
	android:name
		ADDED from src\main\AndroidManifest.xml:175:13-46
activity#sharpenup.customgridview.testSchedule
ADDED from src\main\AndroidManifest.xml:179:9-183:52
	android:screenOrientation
		ADDED from src\main\AndroidManifest.xml:183:13-49
	android:label
		ADDED from src\main\AndroidManifest.xml:182:13-45
	android:configChanges
		ADDED from src\main\AndroidManifest.xml:181:13-59
	android:name
		ADDED from src\main\AndroidManifest.xml:180:13-41
activity#sharpenup.customgridview.testmenu
ADDED from src\main\AndroidManifest.xml:184:9-188:52
	android:screenOrientation
		ADDED from src\main\AndroidManifest.xml:188:13-49
	android:label
		ADDED from src\main\AndroidManifest.xml:187:13-45
	android:configChanges
		ADDED from src\main\AndroidManifest.xml:186:13-59
	android:name
		ADDED from src\main\AndroidManifest.xml:185:13-37
activity#sharpenup.customgridview.testview
ADDED from src\main\AndroidManifest.xml:189:9-193:52
	android:screenOrientation
		ADDED from src\main\AndroidManifest.xml:193:13-49
	android:label
		ADDED from src\main\AndroidManifest.xml:192:13-45
	android:configChanges
		ADDED from src\main\AndroidManifest.xml:191:13-59
	android:name
		ADDED from src\main\AndroidManifest.xml:190:13-37
activity#sharpenup.customgridview.assignfac
ADDED from src\main\AndroidManifest.xml:194:9-198:52
	android:screenOrientation
		ADDED from src\main\AndroidManifest.xml:198:13-49
	android:label
		ADDED from src\main\AndroidManifest.xml:197:13-45
	android:configChanges
		ADDED from src\main\AndroidManifest.xml:196:13-59
	android:name
		ADDED from src\main\AndroidManifest.xml:195:13-38
activity#sharpenup.customgridview.marks_assign_View
ADDED from src\main\AndroidManifest.xml:199:9-203:52
	android:screenOrientation
		ADDED from src\main\AndroidManifest.xml:203:13-49
	android:label
		ADDED from src\main\AndroidManifest.xml:202:13-45
	android:configChanges
		ADDED from src\main\AndroidManifest.xml:201:13-59
	android:name
		ADDED from src\main\AndroidManifest.xml:200:13-46
activity#sharpenup.customgridview.upload
ADDED from src\main\AndroidManifest.xml:204:9-208:52
	android:screenOrientation
		ADDED from src\main\AndroidManifest.xml:208:13-49
	android:label
		ADDED from src\main\AndroidManifest.xml:207:13-45
	android:configChanges
		ADDED from src\main\AndroidManifest.xml:206:13-59
	android:name
		ADDED from src\main\AndroidManifest.xml:205:13-35
activity#sharpenup.customgridview.webview
ADDED from src\main\AndroidManifest.xml:209:9-213:52
	android:screenOrientation
		ADDED from src\main\AndroidManifest.xml:213:13-49
	android:label
		ADDED from src\main\AndroidManifest.xml:212:13-45
	android:configChanges
		ADDED from src\main\AndroidManifest.xml:211:13-59
	android:name
		ADDED from src\main\AndroidManifest.xml:210:13-36
activity#sharpenup.customgridview.viewscores
ADDED from src\main\AndroidManifest.xml:214:9-218:52
	android:screenOrientation
		ADDED from src\main\AndroidManifest.xml:218:13-49
	android:label
		ADDED from src\main\AndroidManifest.xml:217:13-45
	android:configChanges
		ADDED from src\main\AndroidManifest.xml:216:13-59
	android:name
		ADDED from src\main\AndroidManifest.xml:215:13-39
activity#sharpenup.worksheet.Wsubmission
ADDED from src\main\AndroidManifest.xml:219:9-223:52
	android:screenOrientation
		ADDED from src\main\AndroidManifest.xml:223:13-49
	android:label
		ADDED from src\main\AndroidManifest.xml:222:13-45
	android:configChanges
		ADDED from src\main\AndroidManifest.xml:221:13-59
	android:name
		ADDED from src\main\AndroidManifest.xml:220:13-59
activity#sharpenup.worksheet.AdminWorksheet
ADDED from src\main\AndroidManifest.xml:224:9-228:52
	android:screenOrientation
		ADDED from src\main\AndroidManifest.xml:228:13-49
	android:label
		ADDED from src\main\AndroidManifest.xml:227:13-45
	android:configChanges
		ADDED from src\main\AndroidManifest.xml:226:13-59
	android:name
		ADDED from src\main\AndroidManifest.xml:225:13-62
activity#sharpenup.worksheet.AddTopics
ADDED from src\main\AndroidManifest.xml:229:9-233:52
	android:screenOrientation
		ADDED from src\main\AndroidManifest.xml:233:13-49
	android:label
		ADDED from src\main\AndroidManifest.xml:232:13-45
	android:configChanges
		ADDED from src\main\AndroidManifest.xml:231:13-59
	android:name
		ADDED from src\main\AndroidManifest.xml:230:13-57
activity#sharpenup.worksheet.WorksheetActivity
ADDED from src\main\AndroidManifest.xml:234:9-238:52
	android:screenOrientation
		ADDED from src\main\AndroidManifest.xml:238:13-49
	android:label
		ADDED from src\main\AndroidManifest.xml:237:13-45
	android:configChanges
		ADDED from src\main\AndroidManifest.xml:236:13-59
	android:name
		ADDED from src\main\AndroidManifest.xml:235:13-65
activity#sharpenup.worksheet.TeacherLogin
ADDED from src\main\AndroidManifest.xml:239:9-243:52
	android:screenOrientation
		ADDED from src\main\AndroidManifest.xml:243:13-49
	android:label
		ADDED from src\main\AndroidManifest.xml:242:13-45
	android:configChanges
		ADDED from src\main\AndroidManifest.xml:241:13-59
	android:name
		ADDED from src\main\AndroidManifest.xml:240:13-60
activity#sharpenup.worksheet.TeacherSubmission
ADDED from src\main\AndroidManifest.xml:244:9-248:52
	android:screenOrientation
		ADDED from src\main\AndroidManifest.xml:248:13-49
	android:label
		ADDED from src\main\AndroidManifest.xml:247:13-45
	android:configChanges
		ADDED from src\main\AndroidManifest.xml:246:13-59
	android:name
		ADDED from src\main\AndroidManifest.xml:245:13-65
activity#sharpenup.worksheet.TeacherCheck
ADDED from src\main\AndroidManifest.xml:249:9-253:52
	android:screenOrientation
		ADDED from src\main\AndroidManifest.xml:253:13-49
	android:label
		ADDED from src\main\AndroidManifest.xml:252:13-45
	android:configChanges
		ADDED from src\main\AndroidManifest.xml:251:13-59
	android:name
		ADDED from src\main\AndroidManifest.xml:250:13-60
activity#sharpenup.worksheet.TeacherSelect
ADDED from src\main\AndroidManifest.xml:254:9-258:52
	android:screenOrientation
		ADDED from src\main\AndroidManifest.xml:258:13-49
	android:label
		ADDED from src\main\AndroidManifest.xml:257:13-45
	android:configChanges
		ADDED from src\main\AndroidManifest.xml:256:13-59
	android:name
		ADDED from src\main\AndroidManifest.xml:255:13-61
activity#sharpenup.worksheet.Percent_submissions
ADDED from src\main\AndroidManifest.xml:259:9-263:52
	android:screenOrientation
		ADDED from src\main\AndroidManifest.xml:263:13-49
	android:label
		ADDED from src\main\AndroidManifest.xml:262:13-45
	android:configChanges
		ADDED from src\main\AndroidManifest.xml:261:13-59
	android:name
		ADDED from src\main\AndroidManifest.xml:260:13-67
activity#sharpenup.worksheet.Percent_completions
ADDED from src\main\AndroidManifest.xml:264:9-268:52
	android:screenOrientation
		ADDED from src\main\AndroidManifest.xml:268:13-49
	android:label
		ADDED from src\main\AndroidManifest.xml:267:13-45
	android:configChanges
		ADDED from src\main\AndroidManifest.xml:266:13-59
	android:name
		ADDED from src\main\AndroidManifest.xml:265:13-67
activity#sharpenup.worksheet.User
ADDED from src\main\AndroidManifest.xml:269:9-273:52
	android:screenOrientation
		ADDED from src\main\AndroidManifest.xml:273:13-49
	android:label
		ADDED from src\main\AndroidManifest.xml:272:13-45
	android:configChanges
		ADDED from src\main\AndroidManifest.xml:271:13-59
	android:name
		ADDED from src\main\AndroidManifest.xml:270:13-52
activity#sharpenup.worksheet.UserLogin
ADDED from src\main\AndroidManifest.xml:274:9-278:52
	android:screenOrientation
		ADDED from src\main\AndroidManifest.xml:278:13-49
	android:label
		ADDED from src\main\AndroidManifest.xml:277:13-45
	android:configChanges
		ADDED from src\main\AndroidManifest.xml:276:13-59
	android:name
		ADDED from src\main\AndroidManifest.xml:275:13-57
activity#sharpenup.previous.sharpenup.LoginData
ADDED from src\main\AndroidManifest.xml:279:9-283:52
	android:screenOrientation
		ADDED from src\main\AndroidManifest.xml:283:13-49
	android:label
		ADDED from src\main\AndroidManifest.xml:282:13-38
	android:configChanges
		ADDED from src\main\AndroidManifest.xml:281:13-59
	android:name
		ADDED from src\main\AndroidManifest.xml:280:13-66
activity#sharpenup.previous.sharpenup.Pendings
ADDED from src\main\AndroidManifest.xml:284:9-288:52
	android:screenOrientation
		ADDED from src\main\AndroidManifest.xml:288:13-49
	android:label
		ADDED from src\main\AndroidManifest.xml:287:13-38
	android:configChanges
		ADDED from src\main\AndroidManifest.xml:286:13-59
	android:name
		ADDED from src\main\AndroidManifest.xml:285:13-65
activity#sharpenup.previous.sharpenup.MainData
ADDED from src\main\AndroidManifest.xml:289:9-293:52
	android:screenOrientation
		ADDED from src\main\AndroidManifest.xml:293:13-49
	android:label
		ADDED from src\main\AndroidManifest.xml:292:13-38
	android:configChanges
		ADDED from src\main\AndroidManifest.xml:291:13-59
	android:name
		ADDED from src\main\AndroidManifest.xml:290:13-65
activity#sharpenup.previous.sharpenup.buttons
ADDED from src\main\AndroidManifest.xml:294:9-298:52
	android:screenOrientation
		ADDED from src\main\AndroidManifest.xml:298:13-49
	android:label
		ADDED from src\main\AndroidManifest.xml:297:13-38
	android:configChanges
		ADDED from src\main\AndroidManifest.xml:296:13-59
	android:name
		ADDED from src\main\AndroidManifest.xml:295:13-64
activity#sharpenup.previous.sharpenup.admin
ADDED from src\main\AndroidManifest.xml:299:9-303:52
	android:screenOrientation
		ADDED from src\main\AndroidManifest.xml:303:13-49
	android:label
		ADDED from src\main\AndroidManifest.xml:302:13-38
	android:configChanges
		ADDED from src\main\AndroidManifest.xml:301:13-59
	android:name
		ADDED from src\main\AndroidManifest.xml:300:13-62
activity#sharpenup.previous.sharpenup.delete
ADDED from src\main\AndroidManifest.xml:304:9-309:56
	android:screenOrientation
		ADDED from src\main\AndroidManifest.xml:308:13-49
	android:label
		ADDED from src\main\AndroidManifest.xml:307:13-38
	android:configChanges
		ADDED from src\main\AndroidManifest.xml:306:13-59
	android:theme
		ADDED from src\main\AndroidManifest.xml:309:13-53
	android:name
		ADDED from src\main\AndroidManifest.xml:305:13-63
activity#sharpenup.previous.sharpenup.SearchActivity
ADDED from src\main\AndroidManifest.xml:310:9-315:58
	android:screenOrientation
		ADDED from src\main\AndroidManifest.xml:314:13-49
	android:label
		ADDED from src\main\AndroidManifest.xml:313:13-45
	android:windowSoftInputMode
		ADDED from src\main\AndroidManifest.xml:315:13-55
	android:configChanges
		ADDED from src\main\AndroidManifest.xml:312:13-59
	android:name
		ADDED from src\main\AndroidManifest.xml:311:13-71
activity#sharpenup.previous.sharpenup.SearchResults
ADDED from src\main\AndroidManifest.xml:316:9-320:52
	android:screenOrientation
		ADDED from src\main\AndroidManifest.xml:320:13-49
	android:label
		ADDED from src\main\AndroidManifest.xml:319:13-38
	android:configChanges
		ADDED from src\main\AndroidManifest.xml:318:13-59
	android:name
		ADDED from src\main\AndroidManifest.xml:317:13-70
activity#sharpenup.customgridview.NotificationManagement
ADDED from src\main\AndroidManifest.xml:321:9-325:52
	android:screenOrientation
		ADDED from src\main\AndroidManifest.xml:325:13-49
	android:label
		ADDED from src\main\AndroidManifest.xml:324:13-38
	android:configChanges
		ADDED from src\main\AndroidManifest.xml:323:13-59
	android:name
		ADDED from src\main\AndroidManifest.xml:322:13-51
activity#sharpenup.customgridview.ObserveTool
ADDED from src\main\AndroidManifest.xml:326:9-330:52
	android:screenOrientation
		ADDED from src\main\AndroidManifest.xml:330:13-49
	android:label
		ADDED from src\main\AndroidManifest.xml:329:13-38
	android:configChanges
		ADDED from src\main\AndroidManifest.xml:328:13-59
	android:name
		ADDED from src\main\AndroidManifest.xml:327:13-40
activity#sharpenup.customgridview.ObserveToolEntry
ADDED from src\main\AndroidManifest.xml:331:9-335:52
	android:screenOrientation
		ADDED from src\main\AndroidManifest.xml:335:13-49
	android:label
		ADDED from src\main\AndroidManifest.xml:334:13-38
	android:configChanges
		ADDED from src\main\AndroidManifest.xml:333:13-59
	android:name
		ADDED from src\main\AndroidManifest.xml:332:13-45
activity#sharpenup.customgridview.ChildReport
ADDED from src\main\AndroidManifest.xml:336:9-340:52
	android:screenOrientation
		ADDED from src\main\AndroidManifest.xml:340:13-49
	android:label
		ADDED from src\main\AndroidManifest.xml:339:13-38
	android:configChanges
		ADDED from src\main\AndroidManifest.xml:338:13-59
	android:name
		ADDED from src\main\AndroidManifest.xml:337:13-40
activity#sharpenup.customgridview.synchronise
ADDED from src\main\AndroidManifest.xml:341:9-345:52
	android:screenOrientation
		ADDED from src\main\AndroidManifest.xml:345:13-49
	android:label
		ADDED from src\main\AndroidManifest.xml:344:13-38
	android:configChanges
		ADDED from src\main\AndroidManifest.xml:343:13-59
	android:name
		ADDED from src\main\AndroidManifest.xml:342:13-40
service#sharpenup.customgridview.MyService
ADDED from src\main\AndroidManifest.xml:347:9-349:38
	android:enabled
		ADDED from src\main\AndroidManifest.xml:349:13-35
	android:name
		ADDED from src\main\AndroidManifest.xml:348:13-38
receiver#sharpenup.customgridview.MyBroadcastReceiver
ADDED from src\main\AndroidManifest.xml:351:9-57
	android:name
		ADDED from src\main\AndroidManifest.xml:351:19-54
activity#sharpenup.customgridview.NameCorrection
ADDED from src\main\AndroidManifest.xml:353:9-61
	android:name
		ADDED from src\main\AndroidManifest.xml:353:19-49